#
# There is insufficient memory for the Java Runtime Environment to continue.
# Native memory allocation (mmap) failed to map 130023424 bytes for G1 virtual space
# Possible reasons:
#   The system is out of physical RAM or swap space
#   The process is running with CompressedOops enabled, and the Java Heap may be blocking the growth of the native heap
# Possible solutions:
#   Reduce memory load on the system
#   Increase physical memory or swap space
#   Check if swap backing store is full
#   Decrease Java heap size (-Xmx/-Xms)
#   Decrease number of Java threads
#   Decrease Java thread stack sizes (-Xss)
#   Set larger code cache with -XX:ReservedCodeCacheSize=
#   JVM is running with Unscaled Compressed Oops mode in which the Java heap is
#     placed in the first 4GB address space. The Java Heap base address is the
#     maximum limit for the native heap growth. Please use -XX:HeapBaseMinAddress
#     to set the Java Heap base and to place the Java Heap above 4GB virtual address.
# This output file may be truncated or incomplete.
#
#  Out of Memory Error (./open/src/hotspot/os/windows/os_windows.cpp:3321), pid=21760, tid=26932
#
# JRE version:  (15.0.2+7) (build )
# Java VM: OpenJDK 64-Bit Server VM (15.0.2+7-27, mixed mode, sharing, tiered, compressed oops, g1 gc, windows-amd64)
# No core dump will be written. Minidumps are not enabled by default on client versions of Windows
#

---------------  S U M M A R Y ------------

Command Line: -XX:+ShowCodeDetailsInExceptionMessages -Dfile.encoding=UTF-8 xyz.merccurion.Main

Host: 11th Gen Intel(R) Core(TM) i7-1165G7 @ 2.80GHz, 8 cores, 7G,  Windows 10 , 64 bit Build 19041 (10.0.19041.804)
Time: Wed Apr 14 15:27:54 2021 Malay Peninsula Standard Time elapsed time: 0.008443 seconds (0d 0h 0m 0s)

---------------  T H R E A D  ---------------

Current thread (0x00000261c3760a20):  JavaThread "Unknown thread" [_thread_in_vm, id=26932, stack(0x000000e412b00000,0x000000e412c00000)]

Stack: [0x000000e412b00000,0x000000e412c00000]
Native frames: (J=compiled Java code, j=interpreted, Vv=VM code, C=native code)
V  [jvm.dll+0x62ae9a]
V  [jvm.dll+0x7817a9]
V  [jvm.dll+0x782f03]
V  [jvm.dll+0x783563]
V  [jvm.dll+0x216325]
V  [jvm.dll+0x6281d9]
V  [jvm.dll+0x61cf55]
V  [jvm.dll+0x2cffdd]
V  [jvm.dll+0x2cfe42]
V  [jvm.dll+0x2d5e1c]
V  [jvm.dll+0x32590a]
V  [jvm.dll+0x324fd4]
V  [jvm.dll+0x2a6f5a]
V  [jvm.dll+0x2a80f8]
V  [jvm.dll+0x75e241]
V  [jvm.dll+0x3341c4]
V  [jvm.dll+0x73e926]
V  [jvm.dll+0x3b7557]
V  [jvm.dll+0x3b8fe1]
C  [jli.dll+0x52fb]
C  [ucrtbase.dll+0x21bb2]
C  [KERNEL32.DLL+0x17034]
C  [ntdll.dll+0x52651]


---------------  P R O C E S S  ---------------

Threads class SMR info:
_java_thread_list=0x00007ffca8814ff0, length=0, elements={
}

Java Threads: ( => current thread )

Other Threads:
  0x00000261c379fcb0 GCTaskThread "GC Thread#0" [stack: 0x000000e412c00000,0x000000e412d00000] [id=21640]
  0x00000261c37b0400 ConcurrentGCThread "G1 Main Marker" [stack: 0x000000e412d00000,0x000000e412e00000] [id=27616]
  0x00000261c37b0ff0 ConcurrentGCThread "G1 Conc#0" [stack: 0x000000e412e00000,0x000000e412f00000] [id=16468]

[error occurred during error reporting (printing all threads), id 0xc0000005, EXCEPTION_ACCESS_VIOLATION (0xc0000005) at pc=0x00007ffca8007e27]

VM state: not at safepoint (not fully initialized)

VM Mutex/Monitor currently owned by a thread:  ([mutex/lock_event])
[0x00000261c375bd00] Heap_lock - owner thread: 0x00000261c3760a20

Heap address: 0x0000000085000000, size: 1968 MB, Compressed Oops mode: 32-bit
CDS archive(s) mapped at: [0x0000000000000000-0x0000000000000000-0x0000000000000000), size 0, SharedBaseAddress: 0x0000000800000000, ArchiveRelocationMode: 0.
Narrow klass base: 0x0000000000000000, Narrow klass shift: 0, Narrow klass range: 0x0

Heap:
 garbage-first heap   total 126976K, used 0K [0x0000000085000000, 0x0000000100000000)
  region size 1024K, 0 young (0K), 0 survivors (0K)
 Metaspace       used 0K, capacity 0K, committed 0K, reserved 0K
  class space    used 0K, capacity 0K, committed 0K, reserved 0K

Heap Regions: E=young(eden), S=young(survivor), O=old, HS=humongous(starts), HC=humongous(continues), CS=collection set, F=free, OA=open archive, CA=closed archive, TAMS=top-at-mark-start (previous, next)

Card table byte_map: [0x00000261db0b0000,0x00000261db490000] _byte_map_base: 0x00000261dac88000

Marking Bits (Prev, Next): (CMBitMap*) 0x00000261c37a04a0, (CMBitMap*) 0x00000261c37a04e0
 Prev Bits: [0x00000261db870000, 0x00000261dd730000)
 Next Bits: [0x00000261dd730000, 0x00000261df5f0000)

GC Heap History (0 events):
No events

Deoptimization events (0 events):
No events

Classes unloaded (0 events):
No events

Classes redefined (0 events):
No events

Internal exceptions (0 events):
No events

Events (1 events):
Event: 0.005 Loaded shared library C:\Program Files\Java\jdk-15.0.2\bin\java.dll


Dynamic libraries:
0x00007ff6a5720000 - 0x00007ff6a572d000 	C:\Program Files\Java\jdk-15.0.2\bin\java.exe
0x00007ffcfeed0000 - 0x00007ffcff0c5000 	C:\Windows\SYSTEM32\ntdll.dll
0x00007ffcfde90000 - 0x00007ffcfdf4d000 	C:\Windows\System32\KERNEL32.DLL
0x00007ffcfcad0000 - 0x00007ffcfcd99000 	C:\Windows\System32\KERNELBASE.dll
0x00007ffcfc610000 - 0x00007ffcfc710000 	C:\Windows\System32\ucrtbase.dll
0x00007ffcebaa0000 - 0x00007ffcebab9000 	C:\Program Files\Java\jdk-15.0.2\bin\VCRUNTIME140.dll
0x00007ffceb800000 - 0x00007ffceb818000 	C:\Program Files\Java\jdk-15.0.2\bin\jli.dll
0x00007ffcfd780000 - 0x00007ffcfd920000 	C:\Windows\System32\USER32.dll
0x00007ffcec330000 - 0x00007ffcec5ca000 	C:\Windows\WinSxS\amd64_microsoft.windows.common-controls_6595b64144ccf1df_6.0.19041.844_none_ca00b6081b84eb1d\COMCTL32.dll
0x00007ffcfc7c0000 - 0x00007ffcfc7e2000 	C:\Windows\System32\win32u.dll
0x00007ffcfd980000 - 0x00007ffcfda1e000 	C:\Windows\System32\msvcrt.dll
0x00007ffcfcf30000 - 0x00007ffcfcf5a000 	C:\Windows\System32\GDI32.dll
0x00007ffcfce20000 - 0x00007ffcfcf2b000 	C:\Windows\System32\gdi32full.dll
0x00007ffcfc870000 - 0x00007ffcfc90d000 	C:\Windows\System32\msvcp_win.dll
0x00007ffcfe510000 - 0x00007ffcfe540000 	C:\Windows\System32\IMM32.DLL
0x00007ffcef3f0000 - 0x00007ffcef3fc000 	C:\Program Files\Java\jdk-15.0.2\bin\vcruntime140_1.dll
0x00007ffcd8420000 - 0x00007ffcd84b1000 	C:\Program Files\Java\jdk-15.0.2\bin\msvcp140.dll
0x00007ffca7d50000 - 0x00007ffca88ae000 	C:\Program Files\Java\jdk-15.0.2\bin\server\jvm.dll
0x00007ffcfeb30000 - 0x00007ffcfebdc000 	C:\Windows\System32\ADVAPI32.dll
0x00007ffcfedf0000 - 0x00007ffcfee8c000 	C:\Windows\System32\sechost.dll
0x00007ffcfe020000 - 0x00007ffcfe14b000 	C:\Windows\System32\RPCRT4.dll
0x00007ffcfe540000 - 0x00007ffcfe548000 	C:\Windows\System32\PSAPI.DLL
0x00007ffcdb450000 - 0x00007ffcdb459000 	C:\Windows\SYSTEM32\WSOCK32.dll
0x00007ffce96a0000 - 0x00007ffce96c7000 	C:\Windows\SYSTEM32\WINMM.dll
0x00007ffce93a0000 - 0x00007ffce93aa000 	C:\Windows\SYSTEM32\VERSION.dll
0x00007ffcfe1b0000 - 0x00007ffcfe21b000 	C:\Windows\System32\WS2_32.dll
0x00007ffcfa710000 - 0x00007ffcfa722000 	C:\Windows\SYSTEM32\kernel.appcore.dll
0x00007ffceb7f0000 - 0x00007ffceb7fa000 	C:\Program Files\Java\jdk-15.0.2\bin\jimage.dll
0x00007ffcf9c90000 - 0x00007ffcf9e74000 	C:\Windows\SYSTEM32\DBGHELP.DLL
0x00007ffce8ff0000 - 0x00007ffce901c000 	C:\Windows\SYSTEM32\dbgcore.DLL
0x00007ffcfcda0000 - 0x00007ffcfce20000 	C:\Windows\System32\bcryptPrimitives.dll
0x00007ffceb590000 - 0x00007ffceb5b5000 	C:\Program Files\Java\jdk-15.0.2\bin\java.dll

dbghelp: loaded successfully - version: 4.0.5 - missing functions: none
symbol engine: initialized successfully - sym options: 0x614 - pdb path: .;C:\Program Files\Java\jdk-15.0.2\bin;C:\Windows\SYSTEM32;C:\Windows\WinSxS\amd64_microsoft.windows.common-controls_6595b64144ccf1df_6.0.19041.844_none_ca00b6081b84eb1d;C:\Program Files\Java\jdk-15.0.2\bin\server

VM Arguments:
jvm_args: -XX:+ShowCodeDetailsInExceptionMessages -Dfile.encoding=UTF-8 
java_command: xyz.merccurion.Main
java_class_path (initial): C:\Users\Jann\OneDrive\ECC\Exercises\Hibernate\jigl-hibernate\app\target\classes;C:\Users\Jann\OneDrive\ECC\Exercises\Hibernate\jigl-hibernate\core\target\classes;C:\Users\Jann\OneDrive\ECC\Exercises\Hibernate\jigl-hibernate\infra\target\classes;C:\Users\Jann\OneDrive\ECC\Exercises\Hibernate\jigl-hibernate\utility\target\classes;C:\Users\Jann\.m2\repository\org\hibernate\orm\hibernate-core\6.0.0.Alpha7\hibernate-core-6.0.0.Alpha7.jar;C:\Users\Jann\.m2\repository\org\jboss\logging\jboss-logging\3.4.1.Final\jboss-logging-3.4.1.Final.jar;C:\Users\Jann\.m2\repository\javax\persistence\javax.persistence-api\2.2\javax.persistence-api-2.2.jar;C:\Users\Jann\.m2\repository\net\bytebuddy\byte-buddy\1.10.21\byte-buddy-1.10.21.jar;C:\Users\Jann\.m2\repository\org\antlr\antlr4\4.9.1\antlr4-4.9.1.jar;C:\Users\Jann\.m2\repository\org\antlr\antlr4-runtime\4.9.1\antlr4-runtime-4.9.1.jar;C:\Users\Jann\.m2\repository\org\antlr\antlr-runtime\3.5.2\antlr-runtime-3.5.2.jar;C:\Users\Jann\.m2\repository\org\antlr\ST4\4.3\ST4-4.3.jar;C:\Users\Jann\.m2\repository\org\abego\treelayout\org.abego.treelayout.core\1.0.3\org.abego.treelayout.core-1.0.3.jar;C:\Users\Jann\.m2\repository\org\glassfish\javax.json\1.0.4\javax.json-1.0.4.jar;C:\Users\Jann\.m2\repository\com\ibm\icu\icu4j\61.1\icu4j-61.1.jar;C:\Users\Jann\.m2\repository\org\jboss\spec\javax\transaction\jboss-transaction-api_1.2_spec\1.1.1.Final\jboss-transaction-api_1.2_spec-1.1.1.Final.jar;C:\Users\Jann\.m2\repository\org\jboss\jandex\2.2.3.Final\jandex-2.2.3.Final.jar;C:\Users\Jann\.m2\repository\com\fasterxml\classmate\1.5.1\classmate-1.5.1.jar;C:\Users\Jann\.m2\repository\javax\activation\javax.activation-api\1.2.0\javax.activation-api-1.2.0.jar;C:\Users\Jann\.m2\repository\org\dom4j\dom4j\2.1.3\dom4j-2.1.3.jar;C:\Users\Jann\.m2\repository\org\hibernate\common\hibernate-commons-annotations\5.1.2.Final\hibernate-commons-annotations-5.1.2.Final.jar;C:\Users\Jann\.m2\repository\javax\xml\bind\jaxb-api\2.3.1\
Launcher Type: SUN_STANDARD

[Global flags]
     intx CICompilerCount                          = 4                                         {product} {ergonomic}
     uint ConcGCThreads                            = 2                                         {product} {ergonomic}
     uint G1ConcRefinementThreads                  = 8                                         {product} {ergonomic}
   size_t G1HeapRegionSize                         = 1048576                                   {product} {ergonomic}
    uintx GCDrainStackTargetSize                   = 64                                        {product} {ergonomic}
   size_t InitialHeapSize                          = 130023424                                 {product} {ergonomic}
   size_t MarkStackSize                            = 4194304                                   {product} {ergonomic}
   size_t MaxHeapSize                              = 2063597568                                {product} {ergonomic}
   size_t MinHeapDeltaBytes                        = 1048576                                   {product} {ergonomic}
   size_t MinHeapSize                              = 8388608                                   {product} {ergonomic}
    uintx NonNMethodCodeHeapSize                   = 5839372                                {pd product} {ergonomic}
    uintx NonProfiledCodeHeapSize                  = 122909434                              {pd product} {ergonomic}
    uintx ProfiledCodeHeapSize                     = 122909434                              {pd product} {ergonomic}
    uintx ReservedCodeCacheSize                    = 251658240                              {pd product} {ergonomic}
     bool SegmentedCodeCache                       = true                                      {product} {ergonomic}
     bool ShowCodeDetailsInExceptionMessages       = true                                   {manageable} {command line}
   size_t SoftMaxHeapSize                          = 2063597568                             {manageable} {ergonomic}
     bool UseCompressedClassPointers               = true                                 {lp64_product} {ergonomic}
     bool UseCompressedOops                        = true                                 {lp64_product} {ergonomic}
     bool UseG1GC                                  = true                                      {product} {ergonomic}
     bool UseLargePagesIndividualAllocation        = false                                  {pd product} {ergonomic}

Logging:
Log output configuration:
 #0: stdout all=warning uptime,level,tags
 #1: stderr all=off uptime,level,tags

Environment Variables:
JAVA_HOME=C:\Program Files\Java\jdk-15.0.2
PATH=C:\Windows\system32;C:\Windows;C:\Windows\System32\Wbem;C:\Windows\System32\WindowsPowerShell\v1.0\;C:\Windows\System32\OpenSSH\;C:\Program Files (x86)\NVIDIA Corporation\PhysX\Common;C:\Program Files\Maven\bin;C:\Program Files\Java\jdk-15.0.2\bin;C:\Program Files\Git\cmd;C:\Users\Jann\AppData\Local\Microsoft\WindowsApps;C:\Program Files\Java\jdk-15.0.2\bin;;C:\Users\Jann\AppData\Local\Programs\Microsoft VS Code\bin
USERNAME=Jann
LANG=en_US.UTF-8
OS=Windows_NT
PROCESSOR_IDENTIFIER=Intel64 Family 6 Model 140 Stepping 1, GenuineIntel



---------------  S Y S T E M  ---------------

OS:
 Windows 10 , 64 bit Build 19041 (10.0.19041.804)
OS uptime: 4 days 4:10 hours
HyperV virtualization detected

CPU: total 8 (initial active 8) (4 cores per cpu, 2 threads per core) family 6 model 140 stepping 1 microcode 0x60, cmov, cx8, fxsr, mmx, sse, sse2, sse3, ssse3, sse4.1, sse4.2, popcnt, vzeroupper, avx, avx2, aes, clmul, erms, 3dnowpref, lzcnt, ht, tsc, tscinvbit, bmi1, bmi2, adx, avx512f, avx512dq, avx512cd, avx512bw, avx512vl, avx512_vpopcntdq, avx512_vpclmulqdq, avx512_vbmi, avx512_vbmi2, avx512_vaes, avx512_vnni, sha, fma, clflush, clflushopt, clwb

Memory: 4k page, system-wide physical 7870M (350M free)
TotalPageFile size 32446M (AvailPageFile size 120M)
current process WorkingSet (physical memory assigned to process): 10M, peak: 10M
current process commit charge ("private bytes"): 60M, peak: 184M

vm_info: OpenJDK 64-Bit Server VM (15.0.2+7-27) for windows-amd64 JRE (15.0.2+7-27), built on Dec  7 2020 20:02:38 by "mach5one" with unknown MS VC++:1925

END.
